#
# There is insufficient memory for the Java Runtime Environment to continue.
# Native memory allocation (mmap) failed to map 88080384 bytes for committing reserved memory.
# Possible reasons:
#   The system is out of physical RAM or swap space
#   In 32 bit mode, the process size limit was hit
# Possible solutions:
#   Reduce memory load on the system
#   Increase physical memory or swap space
#   Check if swap backing store is full
#   Use 64 bit Java on a 64 bit OS
#   Decrease Java heap size (-Xmx/-Xms)
#   Decrease number of Java threads
#   Decrease Java thread stack sizes (-Xss)
#   Set larger code cache with -XX:ReservedCodeCacheSize=
# This output file may be truncated or incomplete.
#
#  Out of Memory Error (os_linux.cpp:2627), pid=10119, tid=140639042148096
#
# JRE version: Java(TM) SE Runtime Environment (8.0_71-b15) (build 1.8.0_71-b15)
# Java VM: Java HotSpot(TM) 64-Bit Server VM (25.71-b15 mixed mode linux-amd64 compressed oops)
# Failed to write core dump. Core dumps have been disabled. To enable core dumping, try "ulimit -c unlimited" before starting Java again
#

---------------  T H R E A D  ---------------

Current thread (0x00007fe928078000):  VMThread [stack: 0x00007fe914161000,0x00007fe914262000] [id=10150]

Stack: [0x00007fe914161000,0x00007fe914262000],  sp=0x00007fe914260160,  free space=1020k
Native frames: (J=compiled Java code, j=interpreted, Vv=VM code, C=native code)
V  [libjvm.so+0xaba71a]  VMError::report_and_die()+0x2ba
V  [libjvm.so+0x4f9ecb]  report_vm_out_of_memory(char const*, int, unsigned long, VMErrorType, char const*)+0x8b
V  [libjvm.so+0x91b553]  os::Linux::commit_memory_impl(char*, unsigned long, bool)+0x103
V  [libjvm.so+0x91baa9]  os::pd_commit_memory(char*, unsigned long, unsigned long, bool)+0x29
V  [libjvm.so+0x915dba]  os::commit_memory(char*, unsigned long, unsigned long, bool)+0x2a
V  [libjvm.so+0x989463]  PSVirtualSpace::expand_by(unsigned long)+0x53
V  [libjvm.so+0x98a868]  PSYoungGen::resize_generation(unsigned long, unsigned long)+0xf8
V  [libjvm.so+0x9899c2]  PSYoungGen::resize(unsigned long, unsigned long)+0x22
V  [libjvm.so+0x986c9b]  PSScavenge::invoke_no_policy()+0xf3b
V  [libjvm.so+0x987421]  PSScavenge::invoke()+0x41
V  [libjvm.so+0x93f1b0]  ParallelScavengeHeap::failed_mem_allocate(unsigned long)+0x70
V  [libjvm.so+0xabc137]  VM_ParallelGCFailedAllocation::doit()+0x97
V  [libjvm.so+0xac3b65]  VM_Operation::evaluate()+0x55
V  [libjvm.so+0xac1f3a]  VMThread::evaluate_operation(VM_Operation*)+0xba
V  [libjvm.so+0xac22be]  VMThread::loop()+0x1ce
V  [libjvm.so+0xac2730]  VMThread::run()+0x70
V  [libjvm.so+0x91d918]  java_start(Thread*)+0x108

VM_Operation (0x00007fe90f42ab30): ParallelGCFailedAllocation, mode: safepoint, requested by thread 0x00007fe928174000


---------------  P R O C E S S  ---------------

Java Threads: ( => current thread )
  0x00007fe928176800 JavaThread "pool-1-thread-4" [_thread_blocked, id=10199, stack(0x00007fe90f12a000,0x00007fe90f22b000)]
  0x00007fe928175000 JavaThread "pool-1-thread-3" [_thread_blocked, id=10198, stack(0x00007fe90f22b000,0x00007fe90f32c000)]
  0x00007fe928174000 JavaThread "pool-1-thread-2" [_thread_blocked, id=10197, stack(0x00007fe90f32c000,0x00007fe90f42d000)]
  0x00007fe928172000 JavaThread "pool-2-thread-1" [_thread_blocked, id=10196, stack(0x00007fe90f42d000,0x00007fe90f52e000)]
  0x00007fe928170000 JavaThread "pool-1-thread-1" [_thread_blocked, id=10195, stack(0x00007fe90f52e000,0x00007fe90f62f000)]
  0x00007fe9280eb000 JavaThread "Service Thread" daemon [_thread_blocked, id=10177, stack(0x00007fe90f730000,0x00007fe90f831000)]
  0x00007fe9280be000 JavaThread "C1 CompilerThread2" daemon [_thread_blocked, id=10169, stack(0x00007fe90f831000,0x00007fe90f932000)]
  0x00007fe9280bc000 JavaThread "C2 CompilerThread1" daemon [_thread_blocked, id=10168, stack(0x00007fe90f932000,0x00007fe90fa33000)]
  0x00007fe9280b9000 JavaThread "C2 CompilerThread0" daemon [_thread_blocked, id=10166, stack(0x00007fe90fa33000,0x00007fe90fb34000)]
  0x00007fe9280b8000 JavaThread "Signal Dispatcher" daemon [_thread_blocked, id=10156, stack(0x00007fe90fb34000,0x00007fe90fc35000)]
  0x00007fe92807f000 JavaThread "Finalizer" daemon [_thread_blocked, id=10153, stack(0x00007fe90feff000,0x00007fe910000000)]
  0x00007fe92807d000 JavaThread "Reference Handler" daemon [_thread_blocked, id=10151, stack(0x00007fe914060000,0x00007fe914161000)]
  0x00007fe92800a000 JavaThread "main" [_thread_blocked, id=10125, stack(0x00007fe92e801000,0x00007fe92e902000)]

Other Threads:
=>0x00007fe928078000 VMThread [stack: 0x00007fe914161000,0x00007fe914262000] [id=10150]
  0x00007fe9280ee000 WatcherThread [stack: 0x00007fe90f62f000,0x00007fe90f730000] [id=10179]

VM state:at safepoint (normal execution)

VM Mutex/Monitor currently owned by a thread:  ([mutex/lock_event])
[0x00007fe928006460] Threads_lock - owner thread: 0x00007fe928078000
[0x00007fe928006960] Heap_lock - owner thread: 0x00007fe928174000

Heap:
 PSYoungGen      total 140800K, used 20460K [0x00000000eab00000, 0x00000000f4d00000, 0x0000000100000000)
  eden space 120320K, 0% used [0x00000000eab00000,0x00000000eab00000,0x00000000f2080000)
  from space 20480K, 99% used [0x00000000f2080000,0x00000000f347b200,0x00000000f3480000)
  to   space 15872K, 0% used [0x00000000f3480000,0x00000000f3480000,0x00000000f4400000)
 ParOldGen       total 42496K, used 37614K [0x00000000c0000000, 0x00000000c2980000, 0x00000000eab00000)
  object space 42496K, 88% used [0x00000000c0000000,0x00000000c24bbb90,0x00000000c2980000)
 Metaspace       used 6427K, capacity 7192K, committed 7424K, reserved 1056768K
  class space    used 615K, capacity 656K, committed 768K, reserved 1048576K

Card table byte_map: [0x00007fe9181f2000,0x00007fe9183f3000] byte_map_base: 0x00007fe917bf2000

Marking Bits: (ParMarkBitMap*) 0x00007fe92dcdefc0
 Begin Bits: [0x00007fe915dee000, 0x00007fe916dee000)
 End Bits:   [0x00007fe916dee000, 0x00007fe917dee000)

Polling page: 0x00007fe92e926000

CodeCache: size=245760Kb used=8368Kb max_used=8368Kb free=237391Kb
 bounds [0x00007fe9187b3000, 0x00007fe918ff3000, 0x00007fe9277b3000]
 total_blobs=2309 nmethods=2037 adapters=185
 compilation: enabled

Compilation events (10 events):
Event: 146,206 Thread 0x00007fe9280be000 nmethod 2373 0x00007fe918fdf690 code [0x00007fe918fdf900, 0x00007fe918fe09f8]
Event: 146,206 Thread 0x00007fe9280be000 2374       3       com.android.dx.ssa.back.FirstFitLocalCombiningAllocator::handleLocalAssociatedOther (151 bytes)
Event: 146,225 Thread 0x00007fe9280be000 nmethod 2374 0x00007fe918fe1590 code [0x00007fe918fe1820, 0x00007fe918fe28b8]
Event: 146,225 Thread 0x00007fe9280be000 2375       3       com.android.dx.ssa.SsaRenamer::<init> (100 bytes)
Event: 146,226 Thread 0x00007fe9280be000 nmethod 2375 0x00007fe918fe3250 code [0x00007fe918fe3440, 0x00007fe918fe3f48]
Event: 146,244 Thread 0x00007fe9280be000 2377 %     3       com.android.dx.ssa.back.SsaToRop::moveParametersToHighRegisters @ 34 (88 bytes)
Event: 146,245 Thread 0x00007fe9280be000 nmethod 2377% 0x00007fe918fe43d0 code [0x00007fe918fe45c0, 0x00007fe918fe4f78]
Event: 146,245 Thread 0x00007fe9280be000 2378       2       java.util.Vector::grow (57 bytes)
Event: 146,246 Thread 0x00007fe9280be000 nmethod 2378 0x00007fe918fe5350 code [0x00007fe918fe54e0, 0x00007fe918fe5778]
Event: 146,251 Thread 0x00007fe9280be000 2380   !   2       com.android.dx.dex.cf.CfTranslator::processMethods (583 bytes)

GC Heap History (10 events):
Event: 3,504 GC heap after
Heap after GC invocations=4 (full 0):
 PSYoungGen      total 34304K, used 2540K [0x00000000eab00000, 0x00000000ecf00000, 0x0000000100000000)
  eden space 31744K, 0% used [0x00000000eab00000,0x00000000eab00000,0x00000000eca00000)
  from space 2560K, 99% used [0x00000000ecc80000,0x00000000ecefb160,0x00000000ecf00000)
  to   space 2560K, 0% used [0x00000000eca00000,0x00000000eca00000,0x00000000ecc80000)
 ParOldGen       total 42496K, used 7494K [0x00000000c0000000, 0x00000000c2980000, 0x00000000eab00000)
  object space 42496K, 17% used [0x00000000c0000000,0x00000000c0751908,0x00000000c2980000)
 Metaspace       used 5898K, capacity 6832K, committed 7040K, reserved 1056768K
  class space    used 594K, capacity 616K, committed 640K, reserved 1048576K
}
Event: 4,375 GC heap before
{Heap before GC invocations=5 (full 0):
 PSYoungGen      total 34304K, used 34284K [0x00000000eab00000, 0x00000000ecf00000, 0x0000000100000000)
  eden space 31744K, 100% used [0x00000000eab00000,0x00000000eca00000,0x00000000eca00000)
  from space 2560K, 99% used [0x00000000ecc80000,0x00000000ecefb160,0x00000000ecf00000)
  to   space 2560K, 0% used [0x00000000eca00000,0x00000000eca00000,0x00000000ecc80000)
 ParOldGen       total 42496K, used 7494K [0x00000000c0000000, 0x00000000c2980000, 0x00000000eab00000)
  object space 42496K, 17% used [0x00000000c0000000,0x00000000c0751908,0x00000000c2980000)
 Metaspace       used 5940K, capacity 6896K, committed 7040K, reserved 1056768K
  class space    used 595K, capacity 616K, committed 640K, reserved 1048576K
Event: 4,525 GC heap after
Heap after GC invocations=5 (full 0):
 PSYoungGen      total 34304K, used 2540K [0x00000000eab00000, 0x00000000efc00000, 0x0000000100000000)
  eden space 31744K, 0% used [0x00000000eab00000,0x00000000eab00000,0x00000000eca00000)
  from space 2560K, 99% used [0x00000000eca00000,0x00000000ecc7b140,0x00000000ecc80000)
  to   space 9728K, 0% used [0x00000000ef280000,0x00000000ef280000,0x00000000efc00000)
 ParOldGen       total 42496K, used 13470K [0x00000000c0000000, 0x00000000c2980000, 0x00000000eab00000)
  object space 42496K, 31% used [0x00000000c0000000,0x00000000c0d27940,0x00000000c2980000)
 Metaspace       used 5940K, capacity 6896K, committed 7040K, reserved 1056768K
  class space    used 595K, capacity 616K, committed 640K, reserved 1048576K
}
Event: 5,191 GC heap before
{Heap before GC invocations=6 (full 0):
 PSYoungGen      total 34304K, used 34284K [0x00000000eab00000, 0x00000000efc00000, 0x0000000100000000)
  eden space 31744K, 100% used [0x00000000eab00000,0x00000000eca00000,0x00000000eca00000)
  from space 2560K, 99% used [0x00000000eca00000,0x00000000ecc7b140,0x00000000ecc80000)
  to   space 9728K, 0% used [0x00000000ef280000,0x00000000ef280000,0x00000000efc00000)
 ParOldGen       total 42496K, used 13470K [0x00000000c0000000, 0x00000000c2980000, 0x00000000eab00000)
  object space 42496K, 31% used [0x00000000c0000000,0x00000000c0d27940,0x00000000c2980000)
 Metaspace       used 5980K, capacity 6896K, committed 7040K, reserved 1056768K
  class space    used 595K, capacity 616K, committed 640K, reserved 1048576K
Event: 5,425 GC heap after
Heap after GC invocations=6 (full 0):
 PSYoungGen      total 72192K, used 8092K [0x00000000eab00000, 0x00000000efe00000, 0x0000000100000000)
  eden space 62464K, 0% used [0x00000000eab00000,0x00000000eab00000,0x00000000ee800000)
  from space 9728K, 83% used [0x00000000ef280000,0x00000000efa67150,0x00000000efc00000)
  to   space 10752K, 0% used [0x00000000ee800000,0x00000000ee800000,0x00000000ef280000)
 ParOldGen       total 42496K, used 13470K [0x00000000c0000000, 0x00000000c2980000, 0x00000000eab00000)
  object space 42496K, 31% used [0x00000000c0000000,0x00000000c0d27940,0x00000000c2980000)
 Metaspace       used 5980K, capacity 6896K, committed 7040K, reserved 1056768K
  class space    used 595K, capacity 616K, committed 640K, reserved 1048576K
}
Event: 7,670 GC heap before
{Heap before GC invocations=7 (full 0):
 PSYoungGen      total 72192K, used 70556K [0x00000000eab00000, 0x00000000efe00000, 0x0000000100000000)
  eden space 62464K, 100% used [0x00000000eab00000,0x00000000ee800000,0x00000000ee800000)
  from space 9728K, 83% used [0x00000000ef280000,0x00000000efa67150,0x00000000efc00000)
  to   space 10752K, 0% used [0x00000000ee800000,0x00000000ee800000,0x00000000ef280000)
 ParOldGen       total 42496K, used 13470K [0x00000000c0000000, 0x00000000c2980000, 0x00000000eab00000)
  object space 42496K, 31% used [0x00000000c0000000,0x00000000c0d27940,0x00000000c2980000)
 Metaspace       used 6098K, capacity 7024K, committed 7296K, reserved 1056768K
  class space    used 595K, capacity 616K, committed 640K, reserved 1048576K
Event: 7,850 GC heap after
Heap after GC invocations=7 (full 0):
 PSYoungGen      total 73216K, used 10749K [0x00000000eab00000, 0x00000000f4400000, 0x0000000100000000)
  eden space 62464K, 0% used [0x00000000eab00000,0x00000000eab00000,0x00000000ee800000)
  from space 10752K, 99% used [0x00000000ee800000,0x00000000ef27f420,0x00000000ef280000)
  to   space 15872K, 0% used [0x00000000f3480000,0x00000000f3480000,0x00000000f4400000)
 ParOldGen       total 42496K, used 19563K [0x00000000c0000000, 0x00000000c2980000, 0x00000000eab00000)
  object space 42496K, 46% used [0x00000000c0000000,0x00000000c131ae20,0x00000000c2980000)
 Metaspace       used 6098K, capacity 7024K, committed 7296K, reserved 1056768K
  class space    used 595K, capacity 616K, committed 640K, reserved 1048576K
}
Event: 8,422 GC heap before
{Heap before GC invocations=8 (full 0):
 PSYoungGen      total 73216K, used 73213K [0x00000000eab00000, 0x00000000f4400000, 0x0000000100000000)
  eden space 62464K, 100% used [0x00000000eab00000,0x00000000ee800000,0x00000000ee800000)
  from space 10752K, 99% used [0x00000000ee800000,0x00000000ef27f420,0x00000000ef280000)
  to   space 15872K, 0% used [0x00000000f3480000,0x00000000f3480000,0x00000000f4400000)
 ParOldGen       total 42496K, used 19563K [0x00000000c0000000, 0x00000000c2980000, 0x00000000eab00000)
  object space 42496K, 46% used [0x00000000c0000000,0x00000000c131ae20,0x00000000c2980000)
 Metaspace       used 6212K, capacity 7088K, committed 7296K, reserved 1056768K
  class space    used 595K, capacity 616K, committed 640K, reserved 1048576K
Event: 8,573 GC heap after
Heap after GC invocations=8 (full 0):
 PSYoungGen      total 136192K, used 15856K [0x00000000eab00000, 0x00000000f4d00000, 0x0000000100000000)
  eden space 120320K, 0% used [0x00000000eab00000,0x00000000eab00000,0x00000000f2080000)
  from space 15872K, 99% used [0x00000000f3480000,0x00000000f43fc3a8,0x00000000f4400000)
  to   space 20480K, 0% used [0x00000000f2080000,0x00000000f2080000,0x00000000f3480000)
 ParOldGen       total 42496K, used 24266K [0x00000000c0000000, 0x00000000c2980000, 0x00000000eab00000)
  object space 42496K, 57% used [0x00000000c0000000,0x00000000c17b29d8,0x00000000c2980000)
 Metaspace       used 6212K, capacity 7088K, committed 7296K, reserved 1056768K
  class space    used 595K, capacity 616K, committed 640K, reserved 1048576K
}
Event: 146,266 GC heap before
{Heap before GC invocations=9 (full 0):
 PSYoungGen      total 136192K, used 136176K [0x00000000eab00000, 0x00000000f4d00000, 0x0000000100000000)
  eden space 120320K, 100% used [0x00000000eab00000,0x00000000f2080000,0x00000000f2080000)
  from space 15872K, 99% used [0x00000000f3480000,0x00000000f43fc3a8,0x00000000f4400000)
  to   space 20480K, 0% used [0x00000000f2080000,0x00000000f2080000,0x00000000f3480000)
 ParOldGen       total 42496K, used 24266K [0x00000000c0000000, 0x00000000c2980000, 0x00000000eab00000)
  object space 42496K, 57% used [0x00000000c0000000,0x00000000c17b29d8,0x00000000c2980000)
 Metaspace       used 6427K, capacity 7192K, committed 7424K, reserved 1056768K
  class space    used 615K, capacity 656K, committed 768K, reserved 1048576K

Deoptimization events (10 events):
Event: 145,992 Thread 0x00007fe928174000 Uncommon trap: reason=bimorphic action=maybe_recompile pc=0x00007fe918f325e4 method=com.android.dx.ssa.NormalSsaInsn.accept(Lcom/android/dx/ssa/SsaInsn$Visitor;)V @ 9
Event: 145,992 Thread 0x00007fe928174000 Uncommon trap: reason=bimorphic action=maybe_recompile pc=0x00007fe918f325e4 method=com.android.dx.ssa.NormalSsaInsn.accept(Lcom/android/dx/ssa/SsaInsn$Visitor;)V @ 9
Event: 145,992 Thread 0x00007fe928174000 Uncommon trap: reason=bimorphic action=maybe_recompile pc=0x00007fe918f325e4 method=com.android.dx.ssa.NormalSsaInsn.accept(Lcom/android/dx/ssa/SsaInsn$Visitor;)V @ 9
Event: 145,998 Thread 0x00007fe928170000 Uncommon trap: reason=unstable_if action=reinterpret pc=0x00007fe918b76934 method=java.util.HashMap.getNode(ILjava/lang/Object;)Ljava/util/HashMap$Node; @ 84
Event: 145,999 Thread 0x00007fe928170000 Uncommon trap: reason=unstable_if action=reinterpret pc=0x00007fe918ef9ba4 method=java.util.HashMap.getNode(ILjava/lang/Object;)Ljava/util/HashMap$Node; @ 84
Event: 146,034 Thread 0x00007fe928176800 Uncommon trap: reason=unstable_if action=reinterpret pc=0x00007fe918c782f0 method=java.util.HashMap.putVal(ILjava/lang/Object;Ljava/lang/Object;ZZ)Ljava/lang/Object; @ 109
Event: 146,075 Thread 0x00007fe928176800 Uncommon trap: reason=bimorphic action=maybe_recompile pc=0x00007fe918eb1104 method=com.android.dx.cf.code.BytecodeArray.parseInstruction(ILcom/android/dx/cf/code/BytecodeArray$Visitor;)I @ 971
Event: 146,075 Thread 0x00007fe928176800 Uncommon trap: reason=bimorphic action=maybe_recompile pc=0x00007fe918eb1104 method=com.android.dx.cf.code.BytecodeArray.parseInstruction(ILcom/android/dx/cf/code/BytecodeArray$Visitor;)I @ 971
Event: 146,194 Thread 0x00007fe928175000 Uncommon trap: reason=bimorphic action=maybe_recompile pc=0x00007fe918e4df60 method=com.android.dx.rop.code.RegisterSpec.withSimpleType()Lcom/android/dx/rop/code/RegisterSpec; @ 21
Event: 146,201 Thread 0x00007fe928175000 Uncommon trap: reason=bimorphic action=maybe_recompile pc=0x00007fe918e4df60 method=com.android.dx.rop.code.RegisterSpec.withSimpleType()Lcom/android/dx/rop/code/RegisterSpec; @ 21

Internal exceptions (7 events):
Event: 0,145 Thread 0x00007fe92800a000 Exception <a 'java/lang/NoSuchMethodError': Method sun.misc.Unsafe.defineClass(Ljava/lang/String;[BII)Ljava/lang/Class; name or signature does not match> (0x00000000eab12bf0) thrown at [/HUDSON/workspace/8-2-build-linux-amd64/jdk8u71/5731/hotspot/src/shar
Event: 0,146 Thread 0x00007fe92800a000 Exception <a 'java/lang/NoSuchMethodError': Method sun.misc.Unsafe.prefetchRead(Ljava/lang/Object;J)V name or signature does not match> (0x00000000eab12ed8) thrown at [/HUDSON/workspace/8-2-build-linux-amd64/jdk8u71/5731/hotspot/src/share/vm/prims/jni.cpp
Event: 8,195 Thread 0x00007fe928174000 Implicit null exception at 0x00007fe918d8fd86 to 0x00007fe918d910ad
Event: 8,239 Thread 0x00007fe928175000 Implicit null exception at 0x00007fe918dab78e to 0x00007fe918dad025
Event: 144,181 Thread 0x00007fe928175000 Exception <a 'java/lang/ArrayIndexOutOfBoundsException': 18> (0x00000000ee20f300) thrown at [/HUDSON/workspace/8-2-build-linux-amd64/jdk8u71/5731/hotspot/src/share/vm/interpreter/interpreterRuntime.cpp, line 366]
Event: 144,181 Thread 0x00007fe928175000 Exception <a 'java/lang/ArrayIndexOutOfBoundsException': 145> (0x00000000ee210e80) thrown at [/HUDSON/workspace/8-2-build-linux-amd64/jdk8u71/5731/hotspot/src/share/vm/interpreter/interpreterRuntime.cpp, line 366]
Event: 144,524 Thread 0x00007fe928175000 Exception <a 'java/lang/ArrayIndexOutOfBoundsException'> (0x00000000ee212168) thrown at [/HUDSON/workspace/8-2-build-linux-amd64/jdk8u71/5731/hotspot/src/share/vm/runtime/sharedRuntime.cpp, line 605]

Events (10 events):
Event: 146,201 Thread 0x00007fe928174000 DEOPT PACKING pc=0x00007fe918a60bed sp=0x00007fe90f42ad70
Event: 146,201 Thread 0x00007fe928175000 DEOPT UNPACKING pc=0x00007fe9187b8229 sp=0x00007fe90f329bf8 mode 2
Event: 146,201 Thread 0x00007fe928174000 DEOPT UNPACKING pc=0x00007fe9187fa633 sp=0x00007fe90f42aaf8 mode 0
Event: 146,204 Thread 0x00007fe92800a000 DEOPT PACKING pc=0x00007fe918f75837 sp=0x00007fe92e8ff760
Event: 146,204 Thread 0x00007fe92800a000 DEOPT UNPACKING pc=0x00007fe9187fa633 sp=0x00007fe92e8ff4f0 mode 0
Event: 146,204 Thread 0x00007fe928175000 DEOPT PACKING pc=0x00007fe918a57407 sp=0x00007fe90f3298d0
Event: 146,204 Thread 0x00007fe928175000 DEOPT UNPACKING pc=0x00007fe9187fa633 sp=0x00007fe90f329638 mode 0
Event: 146,245 Thread 0x00007fe928175000 DEOPT PACKING pc=0x00007fe918b49c2c sp=0x00007fe90f329de0
Event: 146,245 Thread 0x00007fe928175000 DEOPT UNPACKING pc=0x00007fe9187fa633 sp=0x00007fe90f329ae0 mode 0
Event: 146,259 Executing VM operation: ParallelGCFailedAllocation


Dynamic libraries:
00400000-00401000 r-xp 00000000 08:05 1315643                            /usr/lib/jvm/jdk1.8.0_71/bin/java
00600000-00601000 rw-p 00000000 08:05 1315643                            /usr/lib/jvm/jdk1.8.0_71/bin/java
0074c000-0076d000 rw-p 00000000 00:00 0                                  [heap]
c0000000-c2980000 rw-p 00000000 00:00 0 
c2980000-eab00000 ---p 00000000 00:00 0 
eab00000-f4d00000 rw-p 00000000 00:00 0 
fa100000-100000000 ---p 00000000 00:00 0 
100000000-1000c0000 rw-p 00000000 00:00 0 
1000c0000-140000000 ---p 00000000 00:00 0 
7fe8c0000000-7fe8c0021000 rw-p 00000000 00:00 0 
7fe8c0021000-7fe8c4000000 ---p 00000000 00:00 0 
7fe8c4000000-7fe8c4021000 rw-p 00000000 00:00 0 
7fe8c4021000-7fe8c8000000 ---p 00000000 00:00 0 
7fe8c8000000-7fe8c8021000 rw-p 00000000 00:00 0 
7fe8c8021000-7fe8cc000000 ---p 00000000 00:00 0 
7fe8cc000000-7fe8cc021000 rw-p 00000000 00:00 0 
7fe8cc021000-7fe8d0000000 ---p 00000000 00:00 0 
7fe8d0000000-7fe8d0021000 rw-p 00000000 00:00 0 
7fe8d0021000-7fe8d4000000 ---p 00000000 00:00 0 
7fe8d4000000-7fe8d404a000 rw-p 00000000 00:00 0 
7fe8d404a000-7fe8d8000000 ---p 00000000 00:00 0 
7fe8d8000000-7fe8d8021000 rw-p 00000000 00:00 0 
7fe8d8021000-7fe8dc000000 ---p 00000000 00:00 0 
7fe8e0000000-7fe8e112e000 rw-p 00000000 00:00 0 
7fe8e112e000-7fe8e4000000 ---p 00000000 00:00 0 
7fe8e4000000-7fe8e47eb000 rw-p 00000000 00:00 0 
7fe8e47eb000-7fe8e8000000 ---p 00000000 00:00 0 
7fe8e8000000-7fe8e8021000 rw-p 00000000 00:00 0 
7fe8e8021000-7fe8ec000000 ---p 00000000 00:00 0 
7fe8ec000000-7fe8edbb9000 rw-p 00000000 00:00 0 
7fe8edbb9000-7fe8f0000000 ---p 00000000 00:00 0 
7fe8f0000000-7fe8f0021000 rw-p 00000000 00:00 0 
7fe8f0021000-7fe8f4000000 ---p 00000000 00:00 0 
7fe8f4000000-7fe8f4021000 rw-p 00000000 00:00 0 
7fe8f4021000-7fe8f8000000 ---p 00000000 00:00 0 
7fe8f8000000-7fe8f8021000 rw-p 00000000 00:00 0 
7fe8f8021000-7fe8fc000000 ---p 00000000 00:00 0 
7fe8fc000000-7fe8fc28c000 rw-p 00000000 00:00 0 
7fe8fc28c000-7fe900000000 ---p 00000000 00:00 0 
7fe900000000-7fe900021000 rw-p 00000000 00:00 0 
7fe900021000-7fe904000000 ---p 00000000 00:00 0 
7fe908000000-7fe908021000 rw-p 00000000 00:00 0 
7fe908021000-7fe90c000000 ---p 00000000 00:00 0 
7fe90f12a000-7fe90f12d000 ---p 00000000 00:00 0 
7fe90f12d000-7fe90f22b000 rw-p 00000000 00:00 0                          [stack:10199]
7fe90f22b000-7fe90f22e000 ---p 00000000 00:00 0 
7fe90f22e000-7fe90f32c000 rw-p 00000000 00:00 0                          [stack:10198]
7fe90f32c000-7fe90f32f000 ---p 00000000 00:00 0 
7fe90f32f000-7fe90f42d000 rw-p 00000000 00:00 0                          [stack:10197]
7fe90f42d000-7fe90f430000 ---p 00000000 00:00 0 
7fe90f430000-7fe90f52e000 rw-p 00000000 00:00 0                          [stack:10196]
7fe90f52e000-7fe90f531000 ---p 00000000 00:00 0 
7fe90f531000-7fe90f62f000 rw-p 00000000 00:00 0                          [stack:10195]
7fe90f62f000-7fe90f630000 ---p 00000000 00:00 0 
7fe90f630000-7fe90f730000 rw-p 00000000 00:00 0                          [stack:10179]
7fe90f730000-7fe90f733000 ---p 00000000 00:00 0 
7fe90f733000-7fe90f831000 rw-p 00000000 00:00 0                          [stack:10177]
7fe90f831000-7fe90f834000 ---p 00000000 00:00 0 
7fe90f834000-7fe90f932000 rw-p 00000000 00:00 0                          [stack:10169]
7fe90f932000-7fe90f935000 ---p 00000000 00:00 0 
7fe90f935000-7fe90fa33000 rw-p 00000000 00:00 0                          [stack:10168]
7fe90fa33000-7fe90fa36000 ---p 00000000 00:00 0 
7fe90fa36000-7fe90fb34000 rw-p 00000000 00:00 0                          [stack:10166]
7fe90fb34000-7fe90fb37000 ---p 00000000 00:00 0 
7fe90fb37000-7fe90fc35000 rw-p 00000000 00:00 0                          [stack:10156]
7fe90fc35000-7fe90feff000 r--p 00000000 08:05 4201558                    /usr/lib/locale/locale-archive
7fe90feff000-7fe90ff02000 ---p 00000000 00:00 0 
7fe90ff02000-7fe910000000 rw-p 00000000 00:00 0                          [stack:10153]
7fe910000000-7fe910021000 rw-p 00000000 00:00 0 
7fe910021000-7fe914000000 ---p 00000000 00:00 0 
7fe91403c000-7fe914051000 r--s 000e5000 08:05 1057764                    /home/fajar/Session2/practice/build/intermediates/exploded-aar/com.android.support/support-v4/23.1.1/jars/classes.jar
7fe914051000-7fe914060000 r--s 000df000 08:05 1707171                    /opt/android-sdk-linux/build-tools/23.0.2/lib/dx.jar
7fe914060000-7fe914063000 ---p 00000000 00:00 0 
7fe914063000-7fe914161000 rw-p 00000000 00:00 0                          [stack:10151]
7fe914161000-7fe914162000 ---p 00000000 00:00 0 
7fe914162000-7fe915216000 rw-p 00000000 00:00 0                          [stack:10150]
7fe915216000-7fe9153ee000 r--s 03d23000 08:05 1445208                    /usr/lib/jvm/jdk1.8.0_71/jre/lib/rt.jar
7fe9153ee000-7fe915a6e000 rw-p 00000000 00:00 0 
7fe915a6e000-7fe915bee000 ---p 00000000 00:00 0 
7fe915bee000-7fe917dee000 rw-p 00000000 00:00 0 
7fe917dee000-7fe917def000 ---p 00000000 00:00 0 
7fe917def000-7fe917eef000 rw-p 00000000 00:00 0                          [stack:10135]
7fe917eef000-7fe917ef0000 ---p 00000000 00:00 0 
7fe917ef0000-7fe917ff0000 rw-p 00000000 00:00 0                          [stack:10132]
7fe917ff0000-7fe917ff1000 ---p 00000000 00:00 0 
7fe917ff1000-7fe9180f1000 rw-p 00000000 00:00 0                          [stack:10131]
7fe9180f1000-7fe9180f2000 ---p 00000000 00:00 0 
7fe9180f2000-7fe918207000 rw-p 00000000 00:00 0                          [stack:10129]
7fe918207000-7fe918347000 ---p 00000000 00:00 0 
7fe918347000-7fe918399000 rw-p 00000000 00:00 0 
7fe918399000-7fe9183f2000 ---p 00000000 00:00 0 
7fe9183f2000-7fe918414000 rw-p 00000000 00:00 0 
7fe918414000-7fe9187b3000 ---p 00000000 00:00 0 
7fe9187b3000-7fe918ff3000 rwxp 00000000 00:00 0 
7fe918ff3000-7fe9277b3000 ---p 00000000 00:00 0 
7fe9277b3000-7fe9277cd000 r-xp 00000000 08:05 1445474                    /usr/lib/jvm/jdk1.8.0_71/jre/lib/amd64/libzip.so
7fe9277cd000-7fe9279cd000 ---p 0001a000 08:05 1445474                    /usr/lib/jvm/jdk1.8.0_71/jre/lib/amd64/libzip.so
7fe9279cd000-7fe9279ce000 rw-p 0001a000 08:05 1445474                    /usr/lib/jvm/jdk1.8.0_71/jre/lib/amd64/libzip.so
7fe9279ce000-7fe9279d9000 r-xp 00000000 08:05 1579592                    /lib/x86_64-linux-gnu/libnss_files-2.19.so
7fe9279d9000-7fe927bd8000 ---p 0000b000 08:05 1579592                    /lib/x86_64-linux-gnu/libnss_files-2.19.so
7fe927bd8000-7fe927bd9000 r--p 0000a000 08:05 1579592                    /lib/x86_64-linux-gnu/libnss_files-2.19.so
7fe927bd9000-7fe927bda000 rw-p 0000b000 08:05 1579592                    /lib/x86_64-linux-gnu/libnss_files-2.19.so
7fe927bda000-7fe927be5000 r-xp 00000000 08:05 1579583                    /lib/x86_64-linux-gnu/libnss_nis-2.19.so
7fe927be5000-7fe927de4000 ---p 0000b000 08:05 1579583                    /lib/x86_64-linux-gnu/libnss_nis-2.19.so
7fe927de4000-7fe927de5000 r--p 0000a000 08:05 1579583                    /lib/x86_64-linux-gnu/libnss_nis-2.19.so
7fe927de5000-7fe927de6000 rw-p 0000b000 08:05 1579583                    /lib/x86_64-linux-gnu/libnss_nis-2.19.so
7fe927de6000-7fe927dfd000 r-xp 00000000 08:05 1579574                    /lib/x86_64-linux-gnu/libnsl-2.19.so
7fe927dfd000-7fe927ffc000 ---p 00017000 08:05 1579574                    /lib/x86_64-linux-gnu/libnsl-2.19.so
7fe927ffc000-7fe927ffd000 r--p 00016000 08:05 1579574                    /lib/x86_64-linux-gnu/libnsl-2.19.so
7fe927ffd000-7fe927ffe000 rw-p 00017000 08:05 1579574                    /lib/x86_64-linux-gnu/libnsl-2.19.so
7fe927ffe000-7fe928000000 rw-p 00000000 00:00 0 
7fe928000000-7fe9283b4000 rw-p 00000000 00:00 0 
7fe9283b4000-7fe92c000000 ---p 00000000 00:00 0 
7fe92c00b000-7fe92c096000 rw-p 00000000 00:00 0 
7fe92c096000-7fe92c1d7000 ---p 00000000 00:00 0 
7fe92c1d7000-7fe92c1e0000 r-xp 00000000 08:05 1579573                    /lib/x86_64-linux-gnu/libnss_compat-2.19.so
7fe92c1e0000-7fe92c3df000 ---p 00009000 08:05 1579573                    /lib/x86_64-linux-gnu/libnss_compat-2.19.so
7fe92c3df000-7fe92c3e0000 r--p 00008000 08:05 1579573                    /lib/x86_64-linux-gnu/libnss_compat-2.19.so
7fe92c3e0000-7fe92c3e1000 rw-p 00009000 08:05 1579573                    /lib/x86_64-linux-gnu/libnss_compat-2.19.so
7fe92c3e1000-7fe92c40b000 r-xp 00000000 08:05 1445466                    /usr/lib/jvm/jdk1.8.0_71/jre/lib/amd64/libjava.so
7fe92c40b000-7fe92c60b000 ---p 0002a000 08:05 1445466                    /usr/lib/jvm/jdk1.8.0_71/jre/lib/amd64/libjava.so
7fe92c60b000-7fe92c60d000 rw-p 0002a000 08:05 1445466                    /usr/lib/jvm/jdk1.8.0_71/jre/lib/amd64/libjava.so
7fe92c60d000-7fe92c61a000 r-xp 00000000 08:05 1445457                    /usr/lib/jvm/jdk1.8.0_71/jre/lib/amd64/libverify.so
7fe92c61a000-7fe92c81a000 ---p 0000d000 08:05 1445457                    /usr/lib/jvm/jdk1.8.0_71/jre/lib/amd64/libverify.so
7fe92c81a000-7fe92c81c000 rw-p 0000d000 08:05 1445457                    /usr/lib/jvm/jdk1.8.0_71/jre/lib/amd64/libverify.so
7fe92c81c000-7fe92c823000 r-xp 00000000 08:05 1579587                    /lib/x86_64-linux-gnu/librt-2.19.so
7fe92c823000-7fe92ca22000 ---p 00007000 08:05 1579587                    /lib/x86_64-linux-gnu/librt-2.19.so
7fe92ca22000-7fe92ca23000 r--p 00006000 08:05 1579587                    /lib/x86_64-linux-gnu/librt-2.19.so
7fe92ca23000-7fe92ca24000 rw-p 00007000 08:05 1579587                    /lib/x86_64-linux-gnu/librt-2.19.so
7fe92ca24000-7fe92cb29000 r-xp 00000000 08:05 1579565                    /lib/x86_64-linux-gnu/libm-2.19.so
7fe92cb29000-7fe92cd28000 ---p 00105000 08:05 1579565                    /lib/x86_64-linux-gnu/libm-2.19.so
7fe92cd28000-7fe92cd29000 r--p 00104000 08:05 1579565                    /lib/x86_64-linux-gnu/libm-2.19.so
7fe92cd29000-7fe92cd2a000 rw-p 00105000 08:05 1579565                    /lib/x86_64-linux-gnu/libm-2.19.so
7fe92cd2a000-7fe92d9e9000 r-xp 00000000 08:05 1445472                    /usr/lib/jvm/jdk1.8.0_71/jre/lib/amd64/server/libjvm.so
7fe92d9e9000-7fe92dbe8000 ---p 00cbf000 08:05 1445472                    /usr/lib/jvm/jdk1.8.0_71/jre/lib/amd64/server/libjvm.so
7fe92dbe8000-7fe92dcc1000 rw-p 00cbe000 08:05 1445472                    /usr/lib/jvm/jdk1.8.0_71/jre/lib/amd64/server/libjvm.so
7fe92dcc1000-7fe92dd0a000 rw-p 00000000 00:00 0 
7fe92dd0a000-7fe92dec5000 r-xp 00000000 08:05 1579588                    /lib/x86_64-linux-gnu/libc-2.19.so
7fe92dec5000-7fe92e0c4000 ---p 001bb000 08:05 1579588                    /lib/x86_64-linux-gnu/libc-2.19.so
7fe92e0c4000-7fe92e0c8000 r--p 001ba000 08:05 1579588                    /lib/x86_64-linux-gnu/libc-2.19.so
7fe92e0c8000-7fe92e0ca000 rw-p 001be000 08:05 1579588                    /lib/x86_64-linux-gnu/libc-2.19.so
7fe92e0ca000-7fe92e0cf000 rw-p 00000000 00:00 0 
7fe92e0cf000-7fe92e0d2000 r-xp 00000000 08:05 1579570                    /lib/x86_64-linux-gnu/libdl-2.19.so
7fe92e0d2000-7fe92e2d1000 ---p 00003000 08:05 1579570                    /lib/x86_64-linux-gnu/libdl-2.19.so
7fe92e2d1000-7fe92e2d2000 r--p 00002000 08:05 1579570                    /lib/x86_64-linux-gnu/libdl-2.19.so
7fe92e2d2000-7fe92e2d3000 rw-p 00003000 08:05 1579570                    /lib/x86_64-linux-gnu/libdl-2.19.so
7fe92e2d3000-7fe92e2e8000 r-xp 00000000 08:05 1444512                    /usr/lib/jvm/jdk1.8.0_71/lib/amd64/jli/libjli.so
7fe92e2e8000-7fe92e4e8000 ---p 00015000 08:05 1444512                    /usr/lib/jvm/jdk1.8.0_71/lib/amd64/jli/libjli.so
7fe92e4e8000-7fe92e4e9000 rw-p 00015000 08:05 1444512                    /usr/lib/jvm/jdk1.8.0_71/lib/amd64/jli/libjli.so
7fe92e4e9000-7fe92e502000 r-xp 00000000 08:05 1579575                    /lib/x86_64-linux-gnu/libpthread-2.19.so
7fe92e502000-7fe92e701000 ---p 00019000 08:05 1579575                    /lib/x86_64-linux-gnu/libpthread-2.19.so
7fe92e701000-7fe92e702000 r--p 00018000 08:05 1579575                    /lib/x86_64-linux-gnu/libpthread-2.19.so
7fe92e702000-7fe92e703000 rw-p 00019000 08:05 1579575                    /lib/x86_64-linux-gnu/libpthread-2.19.so
7fe92e703000-7fe92e707000 rw-p 00000000 00:00 0 
7fe92e707000-7fe92e72a000 r-xp 00000000 08:05 1579578                    /lib/x86_64-linux-gnu/ld-2.19.so
7fe92e72f000-7fe92e801000 rw-p 00000000 00:00 0 
7fe92e801000-7fe92e804000 ---p 00000000 00:00 0 
7fe92e804000-7fe92e906000 rw-p 00000000 00:00 0                          [stack:10125]
7fe92e908000-7fe92e91d000 rw-p 00000000 00:00 0 
7fe92e91d000-7fe92e925000 rw-s 00000000 08:05 684356                     /tmp/hsperfdata_fajar/10119
7fe92e925000-7fe92e926000 rw-p 00000000 00:00 0 
7fe92e926000-7fe92e927000 ---p 00000000 00:00 0 
7fe92e927000-7fe92e929000 rw-p 00000000 00:00 0 
7fe92e929000-7fe92e92a000 r--p 00022000 08:05 1579578                    /lib/x86_64-linux-gnu/ld-2.19.so
7fe92e92a000-7fe92e92b000 rw-p 00023000 08:05 1579578                    /lib/x86_64-linux-gnu/ld-2.19.so
7fe92e92b000-7fe92e92c000 rw-p 00000000 00:00 0 
7ffe497d4000-7ffe497f5000 rw-p 00000000 00:00 0                          [stack]
7ffe497f9000-7ffe497fb000 r--p 00000000 00:00 0                          [vvar]
7ffe497fb000-7ffe497fd000 r-xp 00000000 00:00 0                          [vdso]
ffffffffff600000-ffffffffff601000 r-xp 00000000 00:00 0                  [vsyscall]

VM Arguments:
jvm_args: -Djava.awt.headless=true -Xmx1024M -Dfile.encoding=UTF-8 -Duser.country=US -Duser.language=en -Duser.variant 
java_command: com.android.dx.command.Main --dex --num-threads=4 --output /home/fajar/Session2/practice/build/intermediates/pre-dexed/debug/com.android.support-support-v4-23.1.1_ba58b977ed5a8b620d290133535704a20c7e5f16.jar /home/fajar/Session2/practice/build/intermediates/exploded-aar/com.android.support/support-v4/23.1.1/jars/classes.jar
java_class_path (initial): /opt/android-sdk-linux/build-tools/23.0.2/lib/dx.jar
Launcher Type: SUN_STANDARD

Environment Variables:
JAVA_HOME=/usr/lib/jvm/jdk1.8.0_71/
PATH=/usr/local/sbin:/usr/local/bin:/usr/sbin:/usr/bin:/sbin:/bin:/usr/games:/usr/local/games
USERNAME=fajar
LD_LIBRARY_PATH=.:
SHELL=/bin/bash
DISPLAY=:0

Signal Handlers:
SIGSEGV: [libjvm.so+0xabafa0], sa_mask[0]=11111111011111111101111111111110, sa_flags=SA_RESTART|SA_SIGINFO
SIGBUS: [libjvm.so+0xabafa0], sa_mask[0]=11111111011111111101111111111110, sa_flags=SA_RESTART|SA_SIGINFO
SIGFPE: [libjvm.so+0x9183c0], sa_mask[0]=11111111011111111101111111111110, sa_flags=SA_RESTART|SA_SIGINFO
SIGPIPE: [libjvm.so+0x9183c0], sa_mask[0]=11111111011111111101111111111110, sa_flags=SA_RESTART|SA_SIGINFO
SIGXFSZ: [libjvm.so+0x9183c0], sa_mask[0]=11111111011111111101111111111110, sa_flags=SA_RESTART|SA_SIGINFO
SIGILL: [libjvm.so+0x9183c0], sa_mask[0]=11111111011111111101111111111110, sa_flags=SA_RESTART|SA_SIGINFO
SIGUSR1: SIG_DFL, sa_mask[0]=00000000000000000000000000000000, sa_flags=none
SIGUSR2: [libjvm.so+0x9199f0], sa_mask[0]=00100000000000000000000000000000, sa_flags=SA_RESTART|SA_SIGINFO
SIGHUP: [libjvm.so+0x91adf0], sa_mask[0]=11111111011111111101111111111110, sa_flags=SA_RESTART|SA_SIGINFO
SIGINT: [libjvm.so+0x91adf0], sa_mask[0]=11111111011111111101111111111110, sa_flags=SA_RESTART|SA_SIGINFO
SIGTERM: [libjvm.so+0x91adf0], sa_mask[0]=11111111011111111101111111111110, sa_flags=SA_RESTART|SA_SIGINFO
SIGQUIT: [libjvm.so+0x91adf0], sa_mask[0]=11111111011111111101111111111110, sa_flags=SA_RESTART|SA_SIGINFO


---------------  S Y S T E M  ---------------

OS:DISTRIB_ID=LinuxMint
DISTRIB_RELEASE=17.3
DISTRIB_CODENAME=rosa
DISTRIB_DESCRIPTION="Linux Mint 17.3 Rosa"

uname:Linux 3.19.0-32-generic #37~14.04.1-Ubuntu SMP Thu Oct 22 09:41:40 UTC 2015 x86_64
libc:glibc 2.19 NPTL 2.19 
rlimit: STACK 8192k, CORE 0k, NPROC 15361, NOFILE 4096, AS infinity
load average:36,54 17,30 6,72

/proc/meminfo:
MemTotal:        3964652 kB
MemFree:          115932 kB
MemAvailable:      65240 kB
Buffers:             492 kB
Cached:           282120 kB
SwapCached:            0 kB
Active:          3452984 kB
Inactive:         233804 kB
Active(anon):    3447312 kB
Inactive(anon):   212332 kB
Active(file):       5672 kB
Inactive(file):    21472 kB
Unevictable:          40 kB
Mlocked:              40 kB
SwapTotal:             0 kB
SwapFree:              0 kB
Dirty:              1972 kB
Writeback:             0 kB
AnonPages:       3404608 kB
Mapped:           125484 kB
Shmem:            255076 kB
Slab:              73296 kB
SReclaimable:      40400 kB
SUnreclaim:        32896 kB
KernelStack:        9280 kB
PageTables:        31980 kB
NFS_Unstable:          0 kB
Bounce:                0 kB
WritebackTmp:          0 kB
CommitLimit:     1982324 kB
Committed_AS:    5712000 kB
VmallocTotal:   34359738367 kB
VmallocUsed:      573432 kB
VmallocChunk:   34359154652 kB
HardwareCorrupted:     0 kB
AnonHugePages:   1275904 kB
CmaTotal:              0 kB
CmaFree:               0 kB
HugePages_Total:       0
HugePages_Free:        0
HugePages_Rsvd:        0
HugePages_Surp:        0
Hugepagesize:       2048 kB
DirectMap4k:      161596 kB
DirectMap2M:     3950592 kB
DirectMap1G:     1048576 kB


CPU:total 4 (2 cores per cpu, 2 threads per core) family 6 model 61 stepping 4, cmov, cx8, fxsr, mmx, sse, sse2, sse3, ssse3, sse4.1, sse4.2, popcnt, avx, avx2, aes, clmul, erms, 3dnowpref, lzcnt, ht, tsc, tscinvbit, bmi1, bmi2, adx

/proc/cpuinfo:
processor	: 0
vendor_id	: GenuineIntel
cpu family	: 6
model		: 61
model name	: Intel(R) Core(TM) i5-5200U CPU @ 2.20GHz
stepping	: 4
microcode	: 0x1f
cpu MHz		: 800.164
cache size	: 3072 KB
physical id	: 0
siblings	: 4
core id		: 0
cpu cores	: 2
apicid		: 0
initial apicid	: 0
fpu		: yes
fpu_exception	: yes
cpuid level	: 20
wp		: yes
flags		: fpu vme de pse tsc msr pae mce cx8 apic sep mtrr pge mca cmov pat pse36 clflush dts acpi mmx fxsr sse sse2 ss ht tm pbe syscall nx pdpe1gb rdtscp lm constant_tsc arch_perfmon pebs bts rep_good nopl xtopology nonstop_tsc aperfmperf eagerfpu pni pclmulqdq dtes64 monitor ds_cpl vmx est tm2 ssse3 fma cx16 xtpr pdcm pcid sse4_1 sse4_2 x2apic movbe popcnt tsc_deadline_timer aes xsave avx f16c rdrand lahf_lm abm 3dnowprefetch ida arat epb pln pts dtherm tpr_shadow vnmi flexpriority ept vpid fsgsbase tsc_adjust bmi1 avx2 smep bmi2 erms invpcid rdseed adx smap xsaveopt
bugs		:
bogomips	: 4389.91
clflush size	: 64
cache_alignment	: 64
address sizes	: 39 bits physical, 48 bits virtual
power management:

processor	: 1
vendor_id	: GenuineIntel
cpu family	: 6
model		: 61
model name	: Intel(R) Core(TM) i5-5200U CPU @ 2.20GHz
stepping	: 4
microcode	: 0x1f
cpu MHz		: 954.335
cache size	: 3072 KB
physical id	: 0
siblings	: 4
core id		: 1
cpu cores	: 2
apicid		: 2
initial apicid	: 2
fpu		: yes
fpu_exception	: yes
cpuid level	: 20
wp		: yes
flags		: fpu vme de pse tsc msr pae mce cx8 apic sep mtrr pge mca cmov pat pse36 clflush dts acpi mmx fxsr sse sse2 ss ht tm pbe syscall nx pdpe1gb rdtscp lm constant_tsc arch_perfmon pebs bts rep_good nopl xtopology nonstop_tsc aperfmperf eagerfpu pni pclmulqdq dtes64 monitor ds_cpl vmx est tm2 ssse3 fma cx16 xtpr pdcm pcid sse4_1 sse4_2 x2apic movbe popcnt tsc_deadline_timer aes xsave avx f16c rdrand lahf_lm abm 3dnowprefetch ida arat epb pln pts dtherm tpr_shadow vnmi flexpriority ept vpid fsgsbase tsc_adjust bmi1 avx2 smep bmi2 erms invpcid rdseed adx smap xsaveopt
bugs		:
bogomips	: 4389.91
clflush size	: 64
cache_alignment	: 64
address sizes	: 39 bits physical, 48 bits virtual
power management:

processor	: 2
vendor_id	: GenuineIntel
cpu family	: 6
model		: 61
model name	: Intel(R) Core(TM) i5-5200U CPU @ 2.20GHz
stepping	: 4
microcode	: 0x1f
cpu MHz		: 1175.453
cache size	: 3072 KB
physical id	: 0
siblings	: 4
core id		: 0
cpu cores	: 2
apicid		: 1
initial apicid	: 1
fpu		: yes
fpu_exception	: yes
cpuid level	: 20
wp		: yes
flags		: fpu vme de pse tsc msr pae mce cx8 apic sep mtrr pge mca cmov pat pse36 clflush dts acpi mmx fxsr sse sse2 ss ht tm pbe syscall nx pdpe1gb rdtscp lm constant_tsc arch_perfmon pebs bts rep_good nopl xtopology nonstop_tsc aperfmperf eagerfpu pni pclmulqdq dtes64 monitor ds_cpl vmx est tm2 ssse3 fma cx16 xtpr pdcm pcid sse4_1 sse4_2 x2apic movbe popcnt tsc_deadline_timer aes xsave avx f16c rdrand lahf_lm abm 3dnowprefetch ida arat epb pln pts dtherm tpr_shadow vnmi flexpriority ept vpid fsgsbase tsc_adjust bmi1 avx2 smep bmi2 erms invpcid rdseed adx smap xsaveopt
bugs		:
bogomips	: 4389.91
clflush size	: 64
cache_alignment	: 64
address sizes	: 39 bits physical, 48 bits virtual
power management:

processor	: 3
vendor_id	: GenuineIntel
cpu family	: 6
model		: 61
model name	: Intel(R) Core(TM) i5-5200U CPU @ 2.20GHz
stepping	: 4
microcode	: 0x1f
cpu MHz		: 808.671
cache size	: 3072 KB
physical id	: 0
siblings	: 4
core id		: 1
cpu cores	: 2
apicid		: 3
initial apicid	: 3
fpu		: yes
fpu_exception	: yes
cpuid level	: 20
wp		: yes
flags		: fpu vme de pse tsc msr pae mce cx8 apic sep mtrr pge mca cmov pat pse36 clflush dts acpi mmx fxsr sse sse2 ss ht tm pbe syscall nx pdpe1gb rdtscp lm constant_tsc arch_perfmon pebs bts rep_good nopl xtopology nonstop_tsc aperfmperf eagerfpu pni pclmulqdq dtes64 monitor ds_cpl vmx est tm2 ssse3 fma cx16 xtpr pdcm pcid sse4_1 sse4_2 x2apic movbe popcnt tsc_deadline_timer aes xsave avx f16c rdrand lahf_lm abm 3dnowprefetch ida arat epb pln pts dtherm tpr_shadow vnmi flexpriority ept vpid fsgsbase tsc_adjust bmi1 avx2 smep bmi2 erms invpcid rdseed adx smap xsaveopt
bugs		:
bogomips	: 4389.91
clflush size	: 64
cache_alignment	: 64
address sizes	: 39 bits physical, 48 bits virtual
power management:



Memory: 4k page, physical 3964652k(115932k free), swap 0k(0k free)

vm_info: Java HotSpot(TM) 64-Bit Server VM (25.71-b15) for linux-amd64 JRE (1.8.0_71-b15), built on Dec 22 2015 18:21:33 by "java_re" with gcc 4.3.0 20080428 (Red Hat 4.3.0-8)

time: Sun Feb 21 15:16:42 2016
elapsed time: 158 seconds (0d 0h 2m 38s)

